{"level":"info","message":"Server is listening on port 3001","timestamp":"2023-10-27T19:16:35.292Z"}
{"level":"info","message":"[CreateUser] => Signup process started","timestamp":"2023-10-27T19:17:20.511Z"}
{"level":"info","message":"[CreateUser] => User with email kunleafolayan@gmail.com created successfully","timestamp":"2023-10-27T19:17:20.722Z"}
{"level":"info","message":"Server is listening on port 3001","timestamp":"2023-10-27T19:33:28.717Z"}
{"level":"info","message":"[CreateUser] => Signup process started","timestamp":"2023-10-27T19:34:24.775Z"}
{"level":"info","message":"[CreateUser] => User with email popooladamilola@gmail.com created successfully","timestamp":"2023-10-27T19:34:25.029Z"}
{"level":"info","message":"[Authenticate user] => login process started","timestamp":"2023-10-27T19:35:06.663Z"}
{"level":"info","message":"[Give user access] => login process successful","timestamp":"2023-10-27T19:35:06.926Z"}
{"level":"info","message":"Server is listening on port 3001","timestamp":"2023-10-27T19:35:52.997Z"}
{"level":"info","message":"Server is listening on port 3001","timestamp":"2023-10-27T19:36:34.548Z"}
{"level":"info","message":"Server is listening on port 3001","timestamp":"2023-10-27T19:36:47.935Z"}
{"level":"info","message":"[Authenticate user] => login process started","timestamp":"2023-10-27T19:36:51.810Z"}
{"level":"info","message":"[Give user access] => login process successful","timestamp":"2023-10-27T19:36:52.030Z"}
{"level":"info","message":"Server is listening on port 3001","timestamp":"2023-10-27T19:40:54.085Z"}
{"level":"info","message":"Server is listening on port 3001","timestamp":"2023-10-27T19:41:48.010Z"}
{"level":"info","message":"[Authenticate user] => login process started","timestamp":"2023-10-27T19:41:54.037Z"}
{"level":"info","message":"[Give user access] => login process successful","timestamp":"2023-10-27T19:41:54.239Z"}
{"level":"info","message":"Server is listening on port 3001","timestamp":"2023-10-27T19:42:20.861Z"}
{"level":"info","message":"[Authenticate user] => login process started","timestamp":"2023-10-27T19:42:22.597Z"}
{"level":"info","message":"[Give user access] => login process successful","timestamp":"2023-10-27T19:42:22.878Z"}
{"level":"info","message":"[Authenticate user] => login process started","timestamp":"2023-10-27T19:42:30.447Z"}
{"level":"info","message":"Server is listening on port 3001","timestamp":"2023-10-27T19:43:01.675Z"}
{"level":"info","message":"Server is listening on port 3001","timestamp":"2023-10-27T19:43:08.765Z"}
{"level":"info","message":"Server is listening on port 3001","timestamp":"2023-10-27T19:43:45.223Z"}
{"level":"info","message":"Server is listening on port 3001","timestamp":"2023-10-27T19:44:00.870Z"}
{"level":"info","message":"Server is listening on port 3001","timestamp":"2023-10-27T21:34:59.105Z"}
{"level":"info","message":"Server is listening on port 3001","timestamp":"2023-10-27T21:56:36.811Z"}
{"level":"info","message":"Server is listening on port 3001","timestamp":"2023-10-27T21:59:28.835Z"}
{"level":"info","message":"Server is listening on port 3001","timestamp":"2023-10-27T22:18:04.179Z"}
{"level":"info","message":"Server is listening on port 3001","timestamp":"2023-10-27T22:26:18.614Z"}
{"level":"info","message":"Server is listening on port 3001","timestamp":"2023-10-27T22:27:20.058Z"}
{"level":"info","message":"Server is listening on port 3001","timestamp":"2023-10-27T22:27:29.717Z"}
{"level":"info","message":"Server is listening on port 3001","timestamp":"2023-10-27T22:43:20.021Z"}
{"level":"info","message":"Server is listening on port 3001","timestamp":"2023-10-27T22:46:50.326Z"}
{"level":"info","message":"Server is listening on port 3001","timestamp":"2023-10-27T22:46:59.429Z"}
{"level":"info","message":"Server is listening on port 3001","timestamp":"2023-10-27T22:47:40.165Z"}
{"level":"info","message":"Server is listening on port 3001","timestamp":"2023-10-27T22:51:03.046Z"}
{"level":"info","message":"Server is listening on port 3001","timestamp":"2023-10-27T22:55:11.652Z"}
{"level":"info","message":"Server is listening on port 3001","timestamp":"2023-10-27T22:57:07.033Z"}
{"level":"info","message":"Server is listening on port 3001","timestamp":"2023-10-27T22:57:12.921Z"}
{"level":"info","message":"Server is listening on port 3001","timestamp":"2023-10-27T22:57:26.079Z"}
{"level":"info","message":"Server is listening on port 3001","timestamp":"2023-10-27T22:57:31.518Z"}
{"level":"info","message":"Server is listening on port 3001","timestamp":"2023-10-27T22:57:56.518Z"}
{"level":"info","message":"Server is listening on port 3001","timestamp":"2023-10-27T22:58:59.785Z"}
{"level":"info","message":"Server is listening on port 3001","timestamp":"2023-10-27T22:59:02.656Z"}
{"level":"info","message":"Server is listening on port 3001","timestamp":"2023-10-27T23:00:03.433Z"}
{"level":"info","message":"Server is listening on port 3001","timestamp":"2023-10-27T23:10:17.917Z"}
{"level":"info","message":"Server is listening on port 3001","timestamp":"2023-10-27T23:33:21.437Z"}
{"level":"info","message":"Server is listening on port 3001","timestamp":"2023-10-27T23:42:53.483Z"}
{"level":"info","message":"Server is listening on port 3001","timestamp":"2023-10-27T23:48:03.848Z"}
{"level":"info","message":"Server is listening on port 3001","timestamp":"2023-10-27T23:54:41.941Z"}
{"level":"info","message":"Server is listening on port 3001","timestamp":"2023-10-28T00:01:30.792Z"}
{"level":"info","message":"Server is listening on port 3001","timestamp":"2023-10-28T00:04:05.064Z"}
{"level":"info","message":"[Authenticate user] => login process started","timestamp":"2023-10-28T00:51:29.611Z"}
{"level":"info","message":"[Give user access] => login process successful","timestamp":"2023-10-28T00:51:29.866Z"}
{"level":"info","message":"Server is listening on port 3001","timestamp":"2023-10-28T00:59:57.644Z"}
{"level":"info","message":"Server is listening on port 3001","timestamp":"2023-10-28T01:00:50.119Z"}
{"level":"info","message":"Server is listening on port 3001","timestamp":"2023-10-28T01:00:57.231Z"}
{"level":"info","message":"Server is listening on port 3001","timestamp":"2023-10-28T01:01:00.886Z"}
{"level":"info","message":"Server is listening on port 3001","timestamp":"2023-10-28T01:01:52.249Z"}
{"level":"info","message":"Server is listening on port 3001","timestamp":"2023-10-28T01:14:09.344Z"}
{"level":"info","message":"Server is listening on port 3001","timestamp":"2023-10-28T01:14:18.579Z"}
{"level":"info","message":"Server is listening on port 3001","timestamp":"2023-10-28T01:15:44.334Z"}
{"level":"info","message":"Server is listening on port 3001","timestamp":"2023-10-28T01:17:08.843Z"}
{"level":"info","message":"Server is listening on port 3001","timestamp":"2023-10-28T01:17:19.354Z"}
{"level":"info","message":"Server is listening on port 3001","timestamp":"2023-10-28T01:17:25.898Z"}
{"level":"info","message":"Server is listening on port 3001","timestamp":"2023-10-28T01:20:26.498Z"}
{"level":"info","message":"Server is listening on port 3001","timestamp":"2023-10-28T01:21:59.921Z"}
{"level":"info","message":"Server is listening on port 3001","timestamp":"2023-10-28T01:23:23.604Z"}
{"level":"info","message":"Server is listening on port 3001","timestamp":"2023-10-28T01:23:36.567Z"}
{"level":"info","message":"Server is listening on port 3001","timestamp":"2023-10-28T01:24:44.295Z"}
{"level":"info","message":"Server is listening on port 3001","timestamp":"2023-10-28T01:25:07.846Z"}
{"level":"info","message":"Server is listening on port 3001","timestamp":"2023-10-28T01:25:16.047Z"}
{"level":"info","message":"Server is listening on port 3001","timestamp":"2023-10-28T01:29:28.743Z"}
{"level":"info","message":"Server is listening on port 3001","timestamp":"2023-10-28T01:33:03.419Z"}
{"level":"info","message":"Server is listening on port 3001","timestamp":"2023-10-28T01:33:26.779Z"}
{"level":"info","message":"Server is listening on port 3001","timestamp":"2023-10-28T01:34:38.727Z"}
{"level":"info","message":"Server is listening on port 3001","timestamp":"2023-10-28T01:35:51.053Z"}
{"level":"info","message":"Server is listening on port 3001","timestamp":"2023-10-28T01:36:42.278Z"}
{"level":"info","message":"Server is listening on port 3001","timestamp":"2023-10-28T01:37:16.126Z"}
{"level":"info","message":"Server is listening on port 3001","timestamp":"2023-10-28T01:37:29.749Z"}
{"level":"info","message":"Server is listening on port 3001","timestamp":"2023-10-28T01:37:43.575Z"}
{"level":"info","message":"Server is listening on port 3001","timestamp":"2023-10-28T01:37:57.057Z"}
{"level":"info","message":"Server is listening on port 3001","timestamp":"2023-10-28T01:38:46.909Z"}
{"level":"info","message":"Server is listening on port 3001","timestamp":"2023-10-28T01:43:22.922Z"}
{"level":"info","message":"[Authenticate user] => login process started","timestamp":"2023-10-28T01:45:26.857Z"}
{"level":"info","message":"[Give user access] => login process successful","timestamp":"2023-10-28T01:45:27.101Z"}
{"level":"info","message":"Server is listening on port 3001","timestamp":"2023-10-28T06:00:58.872Z"}
{"level":"info","message":"Server is listening on port 3001","timestamp":"2023-10-28T06:07:38.132Z"}
{"level":"info","message":"Server is listening on port 3001","timestamp":"2023-10-28T06:13:59.291Z"}
{"level":"info","message":"Server is listening on port 3001","timestamp":"2023-10-28T06:14:28.567Z"}
{"level":"info","message":"Server is listening on port 3001","timestamp":"2023-10-28T06:15:26.875Z"}
{"level":"info","message":"Server is listening on port 3001","timestamp":"2023-10-28T06:16:24.942Z"}
{"level":"info","message":"Server is listening on port 3001","timestamp":"2023-10-28T06:16:31.528Z"}
{"level":"info","message":"Server is listening on port 3001","timestamp":"2023-10-28T06:16:52.814Z"}
{"level":"info","message":"Server is listening on port 3001","timestamp":"2023-10-28T06:17:27.229Z"}
{"level":"info","message":"Server is listening on port 3001","timestamp":"2023-10-28T06:17:34.406Z"}
{"level":"info","message":"Server is listening on port 3001","timestamp":"2023-10-28T06:17:54.054Z"}
{"level":"info","message":"Server is listening on port 3001","timestamp":"2023-10-28T06:17:58.985Z"}
{"level":"info","message":"Server is listening on port 3001","timestamp":"2023-10-28T06:18:18.968Z"}
{"level":"info","message":"Server is listening on port 3001","timestamp":"2023-10-28T06:18:30.007Z"}
{"level":"info","message":"Server is listening on port 3001","timestamp":"2023-10-28T06:21:45.013Z"}
{"level":"info","message":"Server is listening on port 3001","timestamp":"2023-10-28T06:36:16.269Z"}
{"level":"info","message":"Server is listening on port 3001","timestamp":"2023-10-28T06:39:05.133Z"}
{"level":"info","message":"Server is listening on port 3001","timestamp":"2023-10-28T07:37:13.043Z"}
{"level":"info","message":"Server is listening on port 3001","timestamp":"2023-10-28T09:10:49.039Z"}
{"level":"info","message":"Server is listening on port 3001","timestamp":"2023-10-28T09:25:21.971Z"}
{"level":"info","message":"[CreateUser] => Signup process started","timestamp":"2023-10-28T09:31:48.807Z"}
{"level":"info","message":"[CreateUser] => User with email oluwadamilola@gmail.com created successfully","timestamp":"2023-10-28T09:31:49.218Z"}
{"level":"info","message":"[Authenticate user] => login process started","timestamp":"2023-10-28T09:32:08.729Z"}
{"level":"info","message":"[Give user access] => login process successful","timestamp":"2023-10-28T09:32:08.946Z"}
{"level":"info","message":"Server is listening on port 3001","timestamp":"2023-10-28T09:41:19.361Z"}
{"level":"info","message":"Server is listening on port 3001","timestamp":"2023-10-28T09:43:41.860Z"}
{"level":"info","message":"Server is listening on port 3001","timestamp":"2023-10-28T09:46:22.673Z"}
{"level":"info","message":"Server is listening on port 3001","timestamp":"2023-10-28T09:48:24.503Z"}
{"level":"info","message":"Server is listening on port 3001","timestamp":"2023-10-28T09:50:09.468Z"}
{"level":"info","message":"Server is listening on port 3001","timestamp":"2023-10-28T09:50:37.143Z"}
{"level":"info","message":"Server is listening on port 3001","timestamp":"2023-10-28T10:37:42.938Z"}
{"level":"info","message":"Server is listening on port 3001","timestamp":"2023-10-28T10:42:09.602Z"}
{"level":"info","message":"Server is listening on port 3001","timestamp":"2023-10-28T10:42:17.029Z"}
{"level":"info","message":"Server is listening on port 3001","timestamp":"2023-10-28T10:42:20.958Z"}
{"level":"info","message":"Server is listening on port 3001","timestamp":"2023-10-28T10:43:22.556Z"}
{"level":"info","message":"Server is listening on port 3001","timestamp":"2023-10-28T10:43:26.700Z"}
{"level":"info","message":"Server is listening on port 3001","timestamp":"2023-10-28T10:43:32.078Z"}
{"level":"info","message":"Server is listening on port 3001","timestamp":"2023-10-28T10:43:39.816Z"}
{"level":"info","message":"Server is listening on port 3001","timestamp":"2023-10-28T10:43:46.716Z"}
{"level":"info","message":"Server is listening on port 3001","timestamp":"2023-10-28T10:43:55.799Z"}
{"level":"info","message":"Server is listening on port 3001","timestamp":"2023-10-28T10:44:13.656Z"}
{"level":"info","message":"Server is listening on port 3001","timestamp":"2023-10-28T10:45:17.856Z"}
{"level":"info","message":"Server is listening on port 3001","timestamp":"2023-10-28T10:45:41.985Z"}
{"level":"info","message":"Server is listening on port 3001","timestamp":"2023-10-28T10:45:46.901Z"}
{"level":"info","message":"Server is listening on port 3001","timestamp":"2023-10-28T10:47:09.073Z"}
{"level":"info","message":"Server is listening on port 3001","timestamp":"2023-10-28T10:49:08.300Z"}
{"level":"info","message":"Server is listening on port 3001","timestamp":"2023-10-28T10:51:23.040Z"}
{"level":"info","message":"Server is listening on port 3001","timestamp":"2023-10-28T10:51:28.445Z"}
{"level":"info","message":"Server is listening on port 3001","timestamp":"2023-10-28T10:51:39.168Z"}
{"level":"info","message":"Server is listening on port 3001","timestamp":"2023-10-28T10:51:47.432Z"}
{"level":"info","message":"Server is listening on port 3001","timestamp":"2023-10-28T10:52:27.213Z"}
{"level":"info","message":"Server is listening on port 3001","timestamp":"2023-10-28T10:53:15.976Z"}
{"level":"info","message":"Server is listening on port 3001","timestamp":"2023-10-28T10:53:49.309Z"}
{"level":"info","message":"Server is listening on port 3001","timestamp":"2023-10-28T10:54:30.335Z"}
{"level":"info","message":"Server is listening on port 3001","timestamp":"2023-10-28T10:55:11.233Z"}
{"level":"info","message":"Server is listening on port 3001","timestamp":"2023-10-28T10:55:35.823Z"}
{"level":"info","message":"Server is listening on port 3001","timestamp":"2023-10-28T10:55:54.384Z"}
{"level":"info","message":"Server is listening on port 3001","timestamp":"2023-10-28T10:56:12.566Z"}
{"level":"info","message":"Server is listening on port 3001","timestamp":"2023-10-28T10:56:31.237Z"}
{"level":"info","message":"Server is listening on port 3001","timestamp":"2023-10-28T10:56:43.337Z"}
{"level":"info","message":"Server is listening on port 3001","timestamp":"2023-10-28T10:57:04.731Z"}
{"level":"info","message":"Server is listening on port 3001","timestamp":"2023-10-28T10:57:27.188Z"}
{"level":"info","message":"Server is listening on port 3001","timestamp":"2023-10-28T10:57:55.335Z"}
{"level":"info","message":"Server is listening on port 3001","timestamp":"2023-10-28T10:57:59.984Z"}
{"level":"info","message":"Server is listening on port 3001","timestamp":"2023-10-28T10:58:11.216Z"}
{"level":"info","message":"Server is listening on port 3001","timestamp":"2023-10-28T10:58:32.866Z"}
{"level":"info","message":"Server is listening on port 3001","timestamp":"2023-10-28T10:58:52.778Z"}
{"level":"info","message":"Server is listening on port 3001","timestamp":"2023-10-28T10:59:14.846Z"}
{"level":"info","message":"Server is listening on port 3001","timestamp":"2023-10-28T10:59:53.081Z"}
{"level":"info","message":"Server is listening on port 3001","timestamp":"2023-10-28T11:00:03.731Z"}
{"level":"info","message":"Server is listening on port 3001","timestamp":"2023-10-28T11:00:21.960Z"}
{"level":"info","message":"Server is listening on port 3001","timestamp":"2023-10-28T11:00:58.259Z"}
{"level":"info","message":"Server is listening on port 3001","timestamp":"2023-10-28T11:01:13.477Z"}
{"level":"info","message":"Server is listening on port 3001","timestamp":"2023-10-28T11:02:05.622Z"}
{"level":"info","message":"Server is listening on port 3001","timestamp":"2023-10-28T11:03:02.566Z"}
{"level":"info","message":"Server is listening on port 3001","timestamp":"2023-10-28T11:03:10.175Z"}
{"level":"info","message":"Server is listening on port 3001","timestamp":"2023-10-28T11:04:05.520Z"}
{"level":"info","message":"Server is listening on port 3001","timestamp":"2023-10-28T11:04:18.079Z"}
{"level":"info","message":"Server is listening on port 3001","timestamp":"2023-10-28T11:04:37.871Z"}
{"level":"info","message":"Server is listening on port 3001","timestamp":"2023-10-28T11:04:45.107Z"}
{"level":"info","message":"Server is listening on port 3001","timestamp":"2023-10-28T11:09:54.542Z"}
{"level":"info","message":"Server is listening on port 3001","timestamp":"2023-10-29T16:46:57.741Z"}
{"level":"info","message":"[Authenticate user] => login process started","timestamp":"2023-10-29T16:47:53.587Z"}
{"level":"info","message":"[Give user access] => login process successful","timestamp":"2023-10-29T16:47:53.712Z"}
{"level":"info","message":"Server is listening on port 3001","timestamp":"2023-10-29T16:55:12.544Z"}
{"level":"info","message":"Server is listening on port 3001","timestamp":"2023-10-29T16:56:27.821Z"}
{"level":"info","message":"Server is listening on port 3001","timestamp":"2023-10-29T16:56:47.718Z"}
{"level":"info","message":"[Authenticate user] => login process started","timestamp":"2023-10-29T16:57:21.853Z"}
{"level":"info","message":"Server is listening on port 3001","timestamp":"2023-10-29T16:58:59.352Z"}
{"level":"info","message":"Server is listening on port 3001","timestamp":"2023-10-29T17:00:53.379Z"}
{"level":"info","message":"[Authenticate user] => login process started","timestamp":"2023-10-29T17:01:26.873Z"}
{"level":"info","message":"[Give user access] => login process successful","timestamp":"2023-10-29T17:01:26.996Z"}
{"level":"info","message":"Server is listening on port 3001","timestamp":"2023-10-29T17:01:55.347Z"}
{"level":"info","message":"[CreateUser] => Signup process started","timestamp":"2023-10-29T17:03:03.335Z"}
{"level":"info","message":"[Authenticate user] => login process started","timestamp":"2023-10-29T17:03:36.568Z"}
{"level":"error","message":"res is not defined","timestamp":"2023-10-29T17:03:36.668Z"}
{"level":"info","message":"Server is listening on port 3001","timestamp":"2023-10-29T17:08:07.885Z"}
{"level":"info","message":"Server is listening on port 3001","timestamp":"2023-10-29T17:08:54.370Z"}
{"level":"info","message":"[CreateUser] => Signup process started","timestamp":"2023-10-29T17:10:23.394Z"}
{"level":"info","message":"[CreateUser] => User with email oluwadamilola@gmail.com created successfully","timestamp":"2023-10-29T17:10:23.543Z"}
{"level":"info","message":"[Authenticate user] => login process started","timestamp":"2023-10-29T17:10:39.739Z"}
{"level":"error","message":"User.isValidPassword is not a function","timestamp":"2023-10-29T17:10:39.753Z"}
{"level":"info","message":"Server is listening on port 3001","timestamp":"2023-10-29T17:18:02.495Z"}
{"level":"info","message":"Server is listening on port 3001","timestamp":"2023-10-29T17:18:25.970Z"}
{"level":"info","message":"[Authenticate user] => login process started","timestamp":"2023-10-29T17:19:31.440Z"}
{"level":"info","message":"Server is listening on port 3001","timestamp":"2023-10-29T17:20:49.063Z"}
{"level":"info","message":"Server is listening on port 3001","timestamp":"2023-10-29T17:22:12.218Z"}
{"level":"info","message":"Server is listening on port 3001","timestamp":"2023-10-29T17:23:01.123Z"}
{"level":"info","message":"[Authenticate user] => login process started","timestamp":"2023-10-29T17:23:25.622Z"}
{"level":"info","message":"Server is listening on port 3001","timestamp":"2023-10-29T17:25:05.172Z"}
{"level":"info","message":"[Authenticate user] => login process started","timestamp":"2023-10-29T17:25:24.226Z"}
{"level":"error","message":"User.isValidPassword is not a function","timestamp":"2023-10-29T17:25:24.246Z"}
{"level":"info","message":"Server is listening on port 3001","timestamp":"2023-10-29T17:28:42.612Z"}
{"level":"info","message":"[Authenticate user] => login process started","timestamp":"2023-10-29T17:29:10.754Z"}
{"level":"info","message":"Server is listening on port 3001","timestamp":"2023-10-29T17:38:12.268Z"}
{"level":"info","message":"[Authenticate user] => login process started","timestamp":"2023-10-29T17:40:25.657Z"}
{"level":"error","message":"User.isValidPassword is not a function","timestamp":"2023-10-29T17:40:25.682Z"}
{"level":"info","message":"Server is listening on port 3001","timestamp":"2023-10-29T17:43:31.284Z"}
{"level":"info","message":"[Authenticate user] => login process started","timestamp":"2023-10-29T17:44:47.017Z"}
{"level":"error","message":"User.isValidPassword is not a function","timestamp":"2023-10-29T17:44:47.067Z"}
{"level":"info","message":"Server is listening on port 3001","timestamp":"2023-10-29T17:45:57.041Z"}
{"level":"info","message":"Server is listening on port 3001","timestamp":"2023-10-29T17:47:08.465Z"}
{"level":"info","message":"Server is listening on port 3001","timestamp":"2023-10-29T17:47:14.231Z"}
{"level":"info","message":"Server is listening on port 3001","timestamp":"2023-10-29T17:47:31.961Z"}
{"level":"info","message":"Server is listening on port 3001","timestamp":"2023-10-29T17:48:10.078Z"}
{"level":"info","message":"[Authenticate user] => login process started","timestamp":"2023-10-29T17:48:24.922Z"}
{"level":"info","message":"[Authenticate user] => login process started","timestamp":"2023-10-29T17:48:43.953Z"}
{"level":"error","message":"User.isValidPassword is not a function","timestamp":"2023-10-29T17:48:43.972Z"}
{"level":"info","message":"Server is listening on port 3001","timestamp":"2023-10-29T17:49:06.704Z"}
{"level":"info","message":"Server is listening on port 3001","timestamp":"2023-10-29T17:53:40.196Z"}
{"level":"info","message":"[Authenticate user] => login process started","timestamp":"2023-10-29T17:54:01.422Z"}
{"level":"info","message":"[Give user access] => login process successful","timestamp":"2023-10-29T17:54:01.547Z"}
{"level":"info","message":"Server is listening on port 3001","timestamp":"2023-10-29T17:54:37.466Z"}
{"level":"info","message":"[Authenticate user] => login process started","timestamp":"2023-10-29T17:54:44.019Z"}
{"level":"info","message":"[Give user access] => login process successful","timestamp":"2023-10-29T17:54:44.132Z"}
{"level":"info","message":"Server is listening on port 3001","timestamp":"2023-10-29T17:55:32.499Z"}
{"level":"info","message":"Server is listening on port 3001","timestamp":"2023-10-29T17:55:41.859Z"}
{"level":"info","message":"[Authenticate user] => login process started","timestamp":"2023-10-29T17:55:57.891Z"}
{"level":"info","message":"[Give user access] => login process successful","timestamp":"2023-10-29T17:55:58.001Z"}
{"level":"info","message":"Server is listening on port 3001","timestamp":"2023-10-29T17:57:37.359Z"}
{"level":"info","message":"[Authenticate user] => login process started","timestamp":"2023-10-29T17:57:47.392Z"}
{"level":"info","message":"[Give user access] => login process successful","timestamp":"2023-10-29T17:57:47.505Z"}
{"level":"info","message":"Server is listening on port 3001","timestamp":"2023-10-29T18:00:34.598Z"}
{"level":"info","message":"[Authenticate user] => login process started","timestamp":"2023-10-29T18:00:59.402Z"}
{"level":"info","message":"[Give user access] => login process successful","timestamp":"2023-10-29T18:00:59.516Z"}
{"level":"info","message":"Server is listening on port 3001","timestamp":"2023-10-29T18:02:37.015Z"}
{"level":"info","message":"[Authenticate user] => login process started","timestamp":"2023-10-29T18:03:03.086Z"}
{"level":"info","message":"[Give user access] => login process successful","timestamp":"2023-10-29T18:03:03.202Z"}
{"level":"info","message":"Server is listening on port 3001","timestamp":"2023-10-29T18:06:04.280Z"}
{"level":"info","message":"Server is listening on port 3001","timestamp":"2023-10-29T18:07:28.442Z"}
{"level":"info","message":"Server is listening on port 3001","timestamp":"2023-10-29T18:07:45.817Z"}
{"level":"info","message":"Server is listening on port 3001","timestamp":"2023-10-29T18:08:05.629Z"}
{"level":"info","message":"Server is listening on port 3001","timestamp":"2023-10-29T18:08:21.230Z"}
{"level":"info","message":"Server is listening on port 3001","timestamp":"2023-10-29T18:08:55.445Z"}
{"level":"info","message":"[Authenticate user] => login process started","timestamp":"2023-10-29T18:09:20.816Z"}
{"level":"info","message":"Server is listening on port 3001","timestamp":"2023-10-29T18:09:30.102Z"}
{"level":"info","message":"[Authenticate user] => login process started","timestamp":"2023-10-29T18:09:49.933Z"}
{"level":"info","message":"[Give user access] => login process successful","timestamp":"2023-10-29T18:09:50.033Z"}
{"level":"info","message":"Server is listening on port 3001","timestamp":"2023-10-29T18:11:57.691Z"}
{"level":"info","message":"Server is listening on port 3001","timestamp":"2023-10-29T18:12:03.825Z"}
{"level":"info","message":"Server is listening on port 3001","timestamp":"2023-10-29T18:12:41.170Z"}
{"level":"info","message":"Server is listening on port 3001","timestamp":"2023-10-29T18:13:10.902Z"}
{"level":"info","message":"Server is listening on port 3001","timestamp":"2023-10-29T18:13:30.831Z"}
{"level":"info","message":"[Authenticate user] => login process started","timestamp":"2023-10-29T18:13:51.352Z"}
{"level":"info","message":"[Give user access] => login process successful","timestamp":"2023-10-29T18:13:51.462Z"}
{"level":"info","message":"Server is listening on port 3001","timestamp":"2023-10-29T18:15:10.992Z"}
{"level":"info","message":"[Authenticate user] => login process started","timestamp":"2023-10-29T18:15:24.095Z"}
{"level":"info","message":"[Give user access] => login process successful","timestamp":"2023-10-29T18:15:24.210Z"}
{"level":"info","message":"Server is listening on port 3001","timestamp":"2023-10-29T18:18:19.929Z"}
{"level":"info","message":"[Authenticate user] => login process started","timestamp":"2023-10-29T18:18:45.158Z"}
{"level":"info","message":"[Give user access] => login process successful","timestamp":"2023-10-29T18:18:45.294Z"}
{"level":"info","message":"Server is listening on port 3001","timestamp":"2023-10-29T18:20:41.925Z"}
{"level":"info","message":"Server is listening on port 3001","timestamp":"2023-10-29T18:21:20.724Z"}
{"level":"info","message":"Server is listening on port 3001","timestamp":"2023-10-29T18:24:07.175Z"}
{"level":"info","message":"[Authenticate user] => login process started","timestamp":"2023-10-29T18:24:25.392Z"}
{"level":"info","message":"[Give user access] => login process successful","timestamp":"2023-10-29T18:24:25.562Z"}
{"level":"info","message":"Server is listening on port 3001","timestamp":"2023-10-29T18:33:32.471Z"}
{"level":"info","message":"Server is listening on port 3001","timestamp":"2023-10-29T18:33:55.955Z"}
{"level":"info","message":"Server is listening on port 3001","timestamp":"2023-10-29T18:36:09.416Z"}
{"level":"info","message":"[Authenticate user] => login process started","timestamp":"2023-10-29T18:36:25.763Z"}
{"level":"info","message":"[Give user access] => login process successful","timestamp":"2023-10-29T18:36:25.917Z"}
{"level":"info","message":"Server is listening on port 3001","timestamp":"2023-10-29T18:39:38.303Z"}
{"level":"info","message":"Server is listening on port 3001","timestamp":"2023-10-29T18:43:26.981Z"}
{"level":"info","message":"[Authenticate user] => login process started","timestamp":"2023-10-29T18:43:48.103Z"}
{"level":"info","message":"[Give user access] => login process successful","timestamp":"2023-10-29T18:43:48.255Z"}
{"level":"info","message":"Server is listening on port 3001","timestamp":"2023-10-29T18:51:10.586Z"}
{"level":"info","message":"Server is listening on port 3001","timestamp":"2023-10-29T18:53:03.451Z"}
{"level":"info","message":"[Authenticate user] => login process started","timestamp":"2023-10-29T18:53:28.341Z"}
{"level":"info","message":"[Give user access] => login process successful","timestamp":"2023-10-29T18:53:28.444Z"}
{"level":"info","message":"[Authenticate user] => login process started","timestamp":"2023-10-29T18:54:12.807Z"}
{"level":"info","message":"[Give user access] => login process successful","timestamp":"2023-10-29T18:54:12.906Z"}
{"level":"info","message":"[Authenticate user] => login process started","timestamp":"2023-10-29T18:54:44.684Z"}
{"level":"info","message":"[Give user access] => login process successful","timestamp":"2023-10-29T18:54:44.781Z"}
{"level":"info","message":"Server is listening on port 3001","timestamp":"2023-10-29T18:57:07.255Z"}
{"level":"info","message":"Server is listening on port 3001","timestamp":"2023-10-29T18:57:12.048Z"}
{"level":"info","message":"Server is listening on port 3001","timestamp":"2023-10-29T18:57:19.244Z"}
{"level":"info","message":"Server is listening on port 3001","timestamp":"2023-10-29T18:57:31.266Z"}
{"level":"info","message":"Server is listening on port 3001","timestamp":"2023-10-29T18:57:38.299Z"}
{"level":"info","message":"Server is listening on port 3001","timestamp":"2023-10-29T18:57:54.990Z"}
{"level":"info","message":"Server is listening on port 3001","timestamp":"2023-10-29T18:57:59.478Z"}
{"level":"info","message":"Server is listening on port 3001","timestamp":"2023-10-29T18:58:02.761Z"}
{"level":"info","message":"Server is listening on port 3001","timestamp":"2023-10-29T18:58:24.020Z"}
{"level":"info","message":"Server is listening on port 3001","timestamp":"2023-10-29T18:58:32.000Z"}
{"level":"info","message":"Server is listening on port 3001","timestamp":"2023-10-29T18:58:35.789Z"}
{"level":"info","message":"Server is listening on port 3001","timestamp":"2023-10-29T18:58:43.525Z"}
{"level":"info","message":"Server is listening on port 3001","timestamp":"2023-10-29T18:58:52.165Z"}
{"level":"info","message":"Server is listening on port 3001","timestamp":"2023-10-29T18:58:57.966Z"}
{"level":"info","message":"Server is listening on port 3001","timestamp":"2023-10-29T18:59:04.103Z"}
{"level":"info","message":"[Authenticate user] => login process started","timestamp":"2023-10-29T18:59:22.017Z"}
{"level":"info","message":"[Give user access] => login process successful","timestamp":"2023-10-29T18:59:22.135Z"}
{"level":"info","message":"Server is listening on port 3001","timestamp":"2023-10-29T19:05:47.107Z"}
{"level":"info","message":"[Authenticate user] => login process started","timestamp":"2023-10-29T19:06:17.666Z"}
{"level":"info","message":"[Give user access] => login process successful","timestamp":"2023-10-29T19:06:17.782Z"}
{"level":"info","message":"Server is listening on port 3001","timestamp":"2023-10-29T19:08:21.748Z"}
{"level":"info","message":"Server is listening on port 3001","timestamp":"2023-10-29T19:13:23.399Z"}
{"level":"info","message":"[Authenticate user] => login process started","timestamp":"2023-10-29T19:13:44.444Z"}
{"level":"info","message":"[Give user access] => login process successful","timestamp":"2023-10-29T19:13:44.551Z"}
{"level":"info","message":"Server is listening on port 3001","timestamp":"2023-10-29T19:18:20.960Z"}
{"level":"info","message":"Server is listening on port 3001","timestamp":"2023-10-29T19:18:37.258Z"}
{"level":"info","message":"Server is listening on port 3001","timestamp":"2023-10-29T19:19:02.038Z"}
{"level":"info","message":"[CreateUser] => Signup process started","timestamp":"2023-10-29T19:19:31.845Z"}
{"level":"info","message":"Server is listening on port 3001","timestamp":"2023-10-29T19:20:05.180Z"}
{"level":"info","message":"Server is listening on port 3001","timestamp":"2023-10-29T19:20:16.487Z"}
{"level":"info","message":"Server is listening on port 3001","timestamp":"2023-10-29T19:20:19.451Z"}
{"level":"info","message":"Server is listening on port 3001","timestamp":"2023-10-29T19:20:23.683Z"}
{"level":"info","message":"[CreateUser] => Signup process started","timestamp":"2023-10-29T19:20:47.842Z"}
{"level":"info","message":"[CreateUser] => User with email popooladamilola@gmail.com created successfully","timestamp":"2023-10-29T19:20:47.985Z"}
{"level":"info","message":"Server is listening on port 3001","timestamp":"2023-10-29T19:21:09.690Z"}
{"level":"info","message":"[Authenticate user] => login process started","timestamp":"2023-10-29T19:21:28.595Z"}
{"level":"error","message":"User.isValidPassword is not a function","timestamp":"2023-10-29T19:21:28.615Z"}
{"level":"info","message":"Server is listening on port 3001","timestamp":"2023-10-29T19:22:02.818Z"}
{"level":"info","message":"[Authenticate user] => login process started","timestamp":"2023-10-29T19:22:05.244Z"}
{"level":"error","message":"User.isValidPassword is not a function","timestamp":"2023-10-29T19:22:05.264Z"}
{"level":"info","message":"Server is listening on port 3001","timestamp":"2023-10-29T19:23:02.862Z"}
{"level":"info","message":"Server is listening on port 3001","timestamp":"2023-10-29T19:23:26.912Z"}
{"level":"info","message":"Server is listening on port 3001","timestamp":"2023-10-29T19:23:44.352Z"}
{"level":"info","message":"Server is listening on port 3001","timestamp":"2023-10-29T19:23:50.216Z"}
{"level":"info","message":"Server is listening on port 3001","timestamp":"2023-10-29T19:24:01.633Z"}
{"level":"info","message":"[Authenticate user] => login process started","timestamp":"2023-10-29T19:25:07.267Z"}
{"level":"error","message":"User.isValidPassword is not a function","timestamp":"2023-10-29T19:25:07.290Z"}
{"level":"info","message":"[Authenticate user] => login process started","timestamp":"2023-10-29T19:30:42.290Z"}
{"level":"error","message":"User.isValidPassword is not a function","timestamp":"2023-10-29T19:30:42.296Z"}
{"level":"info","message":"Server is listening on port 3001","timestamp":"2023-10-29T19:31:44.512Z"}
{"level":"info","message":"[Authenticate user] => login process started","timestamp":"2023-10-29T19:32:05.988Z"}
{"level":"info","message":"[Give user access] => login process successful","timestamp":"2023-10-29T19:32:06.101Z"}
{"level":"info","message":"Server is listening on port 3001","timestamp":"2023-10-29T19:37:15.768Z"}
{"level":"info","message":"[Authenticate user] => login process started","timestamp":"2023-10-29T19:37:34.365Z"}
{"level":"info","message":"[Give user access] => login process successful","timestamp":"2023-10-29T19:37:34.476Z"}
{"level":"info","message":"Server is listening on port 3001","timestamp":"2023-10-29T19:39:31.950Z"}
{"level":"info","message":"Server is listening on port 3001","timestamp":"2023-10-29T19:39:39.817Z"}
{"level":"info","message":"[Authenticate user] => login process started","timestamp":"2023-10-29T19:40:38.563Z"}
{"level":"info","message":"[Give user access] => login process successful","timestamp":"2023-10-29T19:40:38.679Z"}
{"level":"info","message":"Server is listening on port 3001","timestamp":"2023-10-29T19:40:53.378Z"}
{"level":"info","message":"[Authenticate user] => login process started","timestamp":"2023-10-29T19:41:05.418Z"}
{"level":"info","message":"[Give user access] => login process successful","timestamp":"2023-10-29T19:41:05.538Z"}
{"level":"info","message":"Server is listening on port 3001","timestamp":"2023-10-29T19:42:13.364Z"}
{"level":"info","message":"Server is listening on port 3001","timestamp":"2023-10-29T19:42:37.604Z"}
{"level":"info","message":"Server is listening on port 3001","timestamp":"2023-10-29T19:42:41.607Z"}
{"level":"info","message":"Server is listening on port 3001","timestamp":"2023-10-29T19:42:44.987Z"}
{"level":"info","message":"Server is listening on port 3001","timestamp":"2023-10-29T19:42:52.872Z"}
{"level":"info","message":"Server is listening on port 3001","timestamp":"2023-10-29T19:42:57.233Z"}
{"level":"info","message":"[Authenticate user] => login process started","timestamp":"2023-10-29T19:43:07.464Z"}
{"level":"info","message":"[Give user access] => login process successful","timestamp":"2023-10-29T19:43:07.578Z"}
{"level":"info","message":"Server is listening on port 3001","timestamp":"2023-10-29T19:43:22.381Z"}
{"level":"info","message":"Server is listening on port 3001","timestamp":"2023-10-29T19:43:29.948Z"}
{"level":"info","message":"[Authenticate user] => login process started","timestamp":"2023-10-29T19:43:38.896Z"}
{"level":"info","message":"[Give user access] => login process successful","timestamp":"2023-10-29T19:43:39.006Z"}
{"level":"info","message":"Server is listening on port 3001","timestamp":"2023-10-29T19:47:28.812Z"}
{"level":"info","message":"Server is listening on port 3001","timestamp":"2023-10-29T19:47:38.070Z"}
{"level":"info","message":"Server is listening on port 3001","timestamp":"2023-10-29T19:47:41.158Z"}
{"level":"info","message":"[Authenticate user] => login process started","timestamp":"2023-10-29T19:47:58.900Z"}
{"level":"info","message":"[Give user access] => login process successful","timestamp":"2023-10-29T19:47:59.018Z"}
{"level":"info","message":"[CreateUser] => Signup process started","timestamp":"2023-10-29T19:49:34.858Z"}
{"level":"info","message":"[CreateUser] => User with email graceadamu@gmail.com created successfully","timestamp":"2023-10-29T19:49:34.979Z"}
{"level":"info","message":"[Authenticate user] => login process started","timestamp":"2023-10-29T19:50:01.325Z"}
{"level":"info","message":"[Give user access] => login process successful","timestamp":"2023-10-29T19:50:01.424Z"}
{"level":"info","message":"Server is listening on port 3001","timestamp":"2023-10-29T19:53:15.860Z"}
{"level":"info","message":"Server is listening on port 3001","timestamp":"2023-10-29T19:53:21.699Z"}
{"level":"info","message":"[Authenticate user] => login process started","timestamp":"2023-10-29T19:53:42.586Z"}
{"level":"info","message":"[Give user access] => login process successful","timestamp":"2023-10-29T19:53:42.707Z"}
{"level":"error","message":"The \"path\" argument must be of type string. Received an instance of Object","timestamp":"2023-10-29T19:53:42.709Z"}
{"level":"info","message":"Server is listening on port 3001","timestamp":"2023-10-29T19:54:05.826Z"}
{"level":"info","message":"[Authenticate user] => login process started","timestamp":"2023-10-29T19:54:19.678Z"}
{"level":"info","message":"[Give user access] => login process successful","timestamp":"2023-10-29T19:54:19.802Z"}
{"level":"info","message":"Server is listening on port 3001","timestamp":"2023-10-29T19:56:26.258Z"}
{"level":"info","message":"Server is listening on port 3001","timestamp":"2023-10-29T19:56:32.655Z"}
{"level":"info","message":"[Authenticate user] => login process started","timestamp":"2023-10-29T19:57:21.414Z"}
{"level":"info","message":"Server is listening on port 3001","timestamp":"2023-10-29T19:57:35.764Z"}
{"level":"info","message":"Server is listening on port 3001","timestamp":"2023-10-29T19:57:39.202Z"}
{"level":"info","message":"Server is listening on port 3001","timestamp":"2023-10-29T19:57:49.038Z"}
{"level":"info","message":"Server is listening on port 3001","timestamp":"2023-10-29T19:57:55.804Z"}
{"level":"info","message":"Server is listening on port 3001","timestamp":"2023-10-29T19:58:04.102Z"}
{"level":"info","message":"Server is listening on port 3001","timestamp":"2023-10-29T19:58:08.275Z"}
{"level":"info","message":"Server is listening on port 3001","timestamp":"2023-10-29T19:58:16.443Z"}
{"level":"info","message":"[Authenticate user] => login process started","timestamp":"2023-10-29T19:59:33.149Z"}
{"level":"info","message":"[Give user access] => login process successful","timestamp":"2023-10-29T19:59:33.268Z"}
{"level":"info","message":"Server is listening on port 3001","timestamp":"2023-10-29T19:59:45.794Z"}
{"level":"info","message":"Server is listening on port 3001","timestamp":"2023-10-29T19:59:48.606Z"}
{"level":"info","message":"Server is listening on port 3001","timestamp":"2023-10-29T19:59:51.123Z"}
{"level":"info","message":"[Authenticate user] => login process started","timestamp":"2023-10-29T19:59:57.303Z"}
{"level":"info","message":"[Give user access] => login process successful","timestamp":"2023-10-29T19:59:57.453Z"}
{"level":"info","message":"Server is listening on port 3001","timestamp":"2023-10-29T20:03:47.831Z"}
{"level":"info","message":"[Authenticate user] => login process started","timestamp":"2023-10-29T20:03:55.195Z"}
{"level":"info","message":"[Give user access] => login process successful","timestamp":"2023-10-29T20:03:55.311Z"}
{"level":"info","message":"Server is listening on port 3001","timestamp":"2023-10-29T20:06:12.677Z"}
{"level":"info","message":"[Authenticate user] => login process started","timestamp":"2023-10-29T20:06:33.485Z"}
{"level":"info","message":"Server is listening on port 3001","timestamp":"2023-10-29T20:09:01.062Z"}
{"level":"info","message":"Server is listening on port 3001","timestamp":"2023-10-29T20:09:23.302Z"}
{"level":"info","message":"Server is listening on port 3001","timestamp":"2023-10-29T20:09:47.720Z"}
{"level":"info","message":"Server is listening on port 3001","timestamp":"2023-10-29T20:10:21.858Z"}
{"level":"info","message":"Server is listening on port 3001","timestamp":"2023-10-29T20:10:31.733Z"}
{"level":"info","message":"Server is listening on port 3001","timestamp":"2023-10-29T20:10:39.640Z"}
{"level":"info","message":"Server is listening on port 3001","timestamp":"2023-10-29T20:11:40.532Z"}
{"level":"info","message":"Server is listening on port 3001","timestamp":"2023-10-29T20:11:55.579Z"}
{"level":"info","message":"[Authenticate user] => login process started","timestamp":"2023-10-29T20:12:12.344Z"}
{"level":"error","message":"Cannot destructure property 'email' of 'req.body' as it is undefined.","timestamp":"2023-10-29T20:12:12.346Z"}
{"level":"info","message":"Server is listening on port 3001","timestamp":"2023-10-29T20:12:26.343Z"}
{"level":"info","message":"Server is listening on port 3001","timestamp":"2023-10-29T20:12:32.331Z"}
{"level":"info","message":"Server is listening on port 3001","timestamp":"2023-10-29T20:12:40.768Z"}
{"level":"info","message":"Server is listening on port 3001","timestamp":"2023-10-29T20:13:02.478Z"}
{"level":"info","message":"[Authenticate user] => login process started","timestamp":"2023-10-29T20:13:24.404Z"}
{"level":"info","message":"[Authenticate user] => login process started","timestamp":"2023-10-29T20:13:44.241Z"}
{"level":"info","message":"[Give user access] => login process successful","timestamp":"2023-10-29T20:13:44.345Z"}
{"level":"info","message":"Server is listening on port 3001","timestamp":"2023-10-29T20:20:32.998Z"}
{"level":"info","message":"Server is listening on port 3001","timestamp":"2023-10-29T20:21:06.556Z"}
{"level":"info","message":"Server is listening on port 3001","timestamp":"2023-10-29T20:21:11.028Z"}
{"level":"info","message":"Server is listening on port 3001","timestamp":"2023-10-29T20:22:04.987Z"}
{"level":"info","message":"[Authenticate user] => login process started","timestamp":"2023-10-29T20:22:47.309Z"}
{"level":"info","message":"[Give user access] => login process successful","timestamp":"2023-10-29T20:22:47.427Z"}
{"level":"info","message":"Server is listening on port 3001","timestamp":"2023-10-29T20:27:11.356Z"}
{"level":"info","message":"[Authenticate user] => login process started","timestamp":"2023-10-29T20:27:28.503Z"}
{"level":"info","message":"[Give user access] => login process successful","timestamp":"2023-10-29T20:27:28.660Z"}
{"level":"info","message":"Server is listening on port 3001","timestamp":"2023-10-29T20:27:51.485Z"}
{"level":"info","message":"Server is listening on port 3001","timestamp":"2023-10-29T20:28:16.473Z"}
{"level":"info","message":"Server is listening on port 3001","timestamp":"2023-10-29T20:29:49.584Z"}
{"level":"info","message":"[Authenticate user] => login process started","timestamp":"2023-10-29T20:30:03.283Z"}
{"level":"info","message":"[Give user access] => login process successful","timestamp":"2023-10-29T20:30:03.472Z"}
{"level":"info","message":"Server is listening on port 3001","timestamp":"2023-10-29T20:34:13.419Z"}
{"level":"info","message":"Server is listening on port 3001","timestamp":"2023-10-29T20:34:26.674Z"}
{"level":"info","message":"Server is listening on port 3001","timestamp":"2023-10-29T20:35:54.654Z"}
{"level":"info","message":"Server is listening on port 3001","timestamp":"2023-10-29T20:36:00.142Z"}
{"level":"info","message":"Server is listening on port 3001","timestamp":"2023-10-29T20:36:37.505Z"}
{"level":"info","message":"[Authenticate user] => login process started","timestamp":"2023-10-29T20:39:42.838Z"}
{"level":"error","message":"res is not defined","timestamp":"2023-10-29T20:39:42.840Z"}
{"level":"info","message":"[Authenticate user] => login process started","timestamp":"2023-10-29T20:39:48.945Z"}
{"level":"error","message":"res is not defined","timestamp":"2023-10-29T20:39:48.949Z"}
{"level":"info","message":"Server is listening on port 3001","timestamp":"2023-10-29T20:40:55.165Z"}
{"level":"info","message":"Server is listening on port 3001","timestamp":"2023-10-29T20:40:59.525Z"}
{"level":"info","message":"Server is listening on port 3001","timestamp":"2023-10-29T20:41:15.003Z"}
{"level":"info","message":"[Authenticate user] => login process started","timestamp":"2023-10-29T20:41:28.644Z"}
{"level":"info","message":"[Authenticate user] => login process started","timestamp":"2023-10-29T20:41:40.118Z"}
{"level":"info","message":"[Give user access] => login process successful","timestamp":"2023-10-29T20:41:40.262Z"}
{"level":"info","message":"Server is listening on port 3001","timestamp":"2023-10-29T20:42:08.848Z"}
{"level":"info","message":"Server is listening on port 3001","timestamp":"2023-10-29T20:45:56.668Z"}
{"level":"info","message":"Server is listening on port 3001","timestamp":"2023-10-29T20:48:09.735Z"}
{"level":"info","message":"Server is listening on port 3001","timestamp":"2023-10-29T20:57:36.897Z"}
{"level":"info","message":"Server is listening on port 3001","timestamp":"2023-10-29T20:57:46.405Z"}
{"level":"info","message":"Server is listening on port 3001","timestamp":"2023-10-29T20:58:33.273Z"}
{"level":"info","message":"Server is listening on port 3001","timestamp":"2023-10-29T20:58:55.631Z"}
{"level":"info","message":"Server is listening on port 3001","timestamp":"2023-10-29T21:00:05.092Z"}
{"level":"info","message":"Server is listening on port 3001","timestamp":"2023-10-29T21:00:15.256Z"}
{"level":"info","message":"Server is listening on port 3001","timestamp":"2023-10-29T21:00:24.076Z"}
{"level":"info","message":"Server is listening on port 3001","timestamp":"2023-10-29T21:02:30.029Z"}
{"level":"info","message":"Server is listening on port 3001","timestamp":"2023-10-29T21:02:33.423Z"}
{"level":"info","message":"Server is listening on port 3001","timestamp":"2023-10-29T21:03:34.728Z"}
{"level":"info","message":"Server is listening on port 3001","timestamp":"2023-10-29T21:03:37.758Z"}
{"level":"info","message":"Server is listening on port 3001","timestamp":"2023-10-29T21:05:36.956Z"}
{"level":"info","message":"Server is listening on port 3001","timestamp":"2023-10-29T21:07:39.009Z"}
{"level":"info","message":"Server is listening on port 3001","timestamp":"2023-10-29T21:07:53.348Z"}
{"level":"info","message":"Server is listening on port 3001","timestamp":"2023-10-29T21:08:32.798Z"}
